<?xml version="1.0" encoding="UTF-8"?>
<testsuite name="com.example.task12.Task12ApplicationTests" tests="1" skipped="0" failures="0" errors="0" timestamp="2021-04-04T19:45:38" hostname="SKYRIMWELL-PC" time="0.383">
  <properties/>
  <testcase name="contextLoads()" classname="com.example.task12.Task12ApplicationTests" time="0.383"/>
  <system-out><![CDATA[22:45:37.837 [Test worker] DEBUG org.springframework.test.context.BootstrapUtils - Instantiating CacheAwareContextLoaderDelegate from class [org.springframework.test.context.cache.DefaultCacheAwareContextLoaderDelegate]
22:45:37.848 [Test worker] DEBUG org.springframework.test.context.BootstrapUtils - Instantiating BootstrapContext using constructor [public org.springframework.test.context.support.DefaultBootstrapContext(java.lang.Class,org.springframework.test.context.CacheAwareContextLoaderDelegate)]
22:45:37.880 [Test worker] DEBUG org.springframework.test.context.BootstrapUtils - Instantiating TestContextBootstrapper for test class [com.example.task12.Task12ApplicationTests] from class [org.springframework.boot.test.context.SpringBootTestContextBootstrapper]
22:45:37.890 [Test worker] INFO org.springframework.boot.test.context.SpringBootTestContextBootstrapper - Neither @ContextConfiguration nor @ContextHierarchy found for test class [com.example.task12.Task12ApplicationTests], using SpringBootContextLoader
22:45:37.894 [Test worker] DEBUG org.springframework.test.context.support.AbstractContextLoader - Did not detect default resource location for test class [com.example.task12.Task12ApplicationTests]: class path resource [com/example/task12/Task12ApplicationTests-context.xml] does not exist
22:45:37.894 [Test worker] DEBUG org.springframework.test.context.support.AbstractContextLoader - Did not detect default resource location for test class [com.example.task12.Task12ApplicationTests]: class path resource [com/example/task12/Task12ApplicationTestsContext.groovy] does not exist
22:45:37.894 [Test worker] INFO org.springframework.test.context.support.AbstractContextLoader - Could not detect default resource locations for test class [com.example.task12.Task12ApplicationTests]: no resource found for suffixes {-context.xml, Context.groovy}.
22:45:37.895 [Test worker] INFO org.springframework.test.context.support.AnnotationConfigContextLoaderUtils - Could not detect default configuration classes for test class [com.example.task12.Task12ApplicationTests]: Task12ApplicationTests does not declare any static, non-private, non-final, nested classes annotated with @Configuration.
22:45:37.933 [Test worker] DEBUG org.springframework.test.context.support.ActiveProfilesUtils - Could not find an 'annotation declaring class' for annotation type [org.springframework.test.context.ActiveProfiles] and class [com.example.task12.Task12ApplicationTests]
22:45:37.998 [Test worker] DEBUG org.springframework.context.annotation.ClassPathScanningCandidateComponentProvider - Identified candidate component class: file [C:\Users\skyri\IdeaProjects\SPIZJENO\PR12\build\classes\java\main\com\example\task12\Task12Application.class]
22:45:38.000 [Test worker] INFO org.springframework.boot.test.context.SpringBootTestContextBootstrapper - Found @SpringBootConfiguration com.example.task12.Task12Application for test class com.example.task12.Task12ApplicationTests
22:45:38.093 [Test worker] DEBUG org.springframework.boot.test.context.SpringBootTestContextBootstrapper - @TestExecutionListeners is not present for class [com.example.task12.Task12ApplicationTests]: using defaults.
22:45:38.094 [Test worker] INFO org.springframework.boot.test.context.SpringBootTestContextBootstrapper - Loaded default TestExecutionListener class names from location [META-INF/spring.factories]: [org.springframework.boot.test.autoconfigure.restdocs.RestDocsTestExecutionListener, org.springframework.boot.test.autoconfigure.web.client.MockRestServiceServerResetTestExecutionListener, org.springframework.boot.test.autoconfigure.web.servlet.MockMvcPrintOnlyOnFailureTestExecutionListener, org.springframework.boot.test.autoconfigure.web.servlet.WebDriverTestExecutionListener, org.springframework.boot.test.autoconfigure.webservices.client.MockWebServiceServerTestExecutionListener, org.springframework.boot.test.mock.mockito.MockitoTestExecutionListener, org.springframework.boot.test.mock.mockito.ResetMocksTestExecutionListener, org.springframework.test.context.web.ServletTestExecutionListener, org.springframework.test.context.support.DirtiesContextBeforeModesTestExecutionListener, org.springframework.test.context.event.ApplicationEventsTestExecutionListener, org.springframework.test.context.support.DependencyInjectionTestExecutionListener, org.springframework.test.context.support.DirtiesContextTestExecutionListener, org.springframework.test.context.transaction.TransactionalTestExecutionListener, org.springframework.test.context.jdbc.SqlScriptsTestExecutionListener, org.springframework.test.context.event.EventPublishingTestExecutionListener]
22:45:38.106 [Test worker] DEBUG org.springframework.boot.test.context.SpringBootTestContextBootstrapper - Skipping candidate TestExecutionListener [org.springframework.test.context.web.ServletTestExecutionListener] due to a missing dependency. Specify custom listener classes or make the default listener classes and their required dependencies available. Offending class: [javax/servlet/ServletContext]
22:45:38.107 [Test worker] DEBUG org.springframework.boot.test.context.SpringBootTestContextBootstrapper - Skipping candidate TestExecutionListener [org.springframework.test.context.transaction.TransactionalTestExecutionListener] due to a missing dependency. Specify custom listener classes or make the default listener classes and their required dependencies available. Offending class: [org/springframework/transaction/interceptor/TransactionAttributeSource]
22:45:38.109 [Test worker] DEBUG org.springframework.boot.test.context.SpringBootTestContextBootstrapper - Skipping candidate TestExecutionListener [org.springframework.test.context.jdbc.SqlScriptsTestExecutionListener] due to a missing dependency. Specify custom listener classes or make the default listener classes and their required dependencies available. Offending class: [org/springframework/transaction/interceptor/TransactionAttribute]
22:45:38.109 [Test worker] INFO org.springframework.boot.test.context.SpringBootTestContextBootstrapper - Using TestExecutionListeners: [org.springframework.test.context.support.DirtiesContextBeforeModesTestExecutionListener@aaa0c6c, org.springframework.test.context.event.ApplicationEventsTestExecutionListener@659699e4, org.springframework.boot.test.mock.mockito.MockitoTestExecutionListener@53545151, org.springframework.boot.test.autoconfigure.SpringBootDependencyInjectionTestExecutionListener@58e3f6d9, org.springframework.test.context.support.DirtiesContextTestExecutionListener@27058c5, org.springframework.test.context.event.EventPublishingTestExecutionListener@53f8b8d6, org.springframework.boot.test.autoconfigure.restdocs.RestDocsTestExecutionListener@22d7a521, org.springframework.boot.test.autoconfigure.web.client.MockRestServiceServerResetTestExecutionListener@65c5ca9c, org.springframework.boot.test.autoconfigure.web.servlet.MockMvcPrintOnlyOnFailureTestExecutionListener@65f30091, org.springframework.boot.test.autoconfigure.web.servlet.WebDriverTestExecutionListener@73db2af1, org.springframework.boot.test.autoconfigure.webservices.client.MockWebServiceServerTestExecutionListener@6cba6706, org.springframework.boot.test.mock.mockito.ResetMocksTestExecutionListener@2760d127]
22:45:38.113 [Test worker] DEBUG org.springframework.test.context.support.AbstractDirtiesContextTestExecutionListener - Before test class: context [DefaultTestContext@67845255 testClass = Task12ApplicationTests, testInstance = [null], testMethod = [null], testException = [null], mergedContextConfiguration = [MergedContextConfiguration@38a6a7ca testClass = Task12ApplicationTests, locations = '{}', classes = '{class com.example.task12.Task12Application}', contextInitializerClasses = '[]', activeProfiles = '{}', propertySourceLocations = '{}', propertySourceProperties = '{org.springframework.boot.test.context.SpringBootTestContextBootstrapper=true}', contextCustomizers = set[org.springframework.boot.test.autoconfigure.actuate.metrics.MetricsExportContextCustomizerFactory$DisableMetricExportContextCustomizer@cfb3456, org.springframework.boot.test.autoconfigure.properties.PropertyMappingContextCustomizer@0, org.springframework.boot.test.autoconfigure.web.servlet.WebDriverContextCustomizerFactory$Customizer@3d154f7f, org.springframework.boot.test.context.filter.ExcludeFilterContextCustomizer@3a4d9d86, org.springframework.boot.test.json.DuplicateJsonObjectContextCustomizerFactory$DuplicateJsonObjectContextCustomizer@4cf4ae23, org.springframework.boot.test.mock.mockito.MockitoContextCustomizer@0, org.springframework.boot.test.web.client.TestRestTemplateContextCustomizer@78aba6f6, org.springframework.boot.test.context.SpringBootTestArgs@1, org.springframework.boot.test.context.SpringBootTestWebEnvironment@4d787f30], contextLoader = 'org.springframework.boot.test.context.SpringBootContextLoader', parent = [null]], attributes = map[[empty]]], class annotated with @DirtiesContext [false] with mode [null].
22:45:38.128 [Test worker] DEBUG org.springframework.test.context.support.DependencyInjectionTestExecutionListener - Performing dependency injection for test context [[DefaultTestContext@67845255 testClass = Task12ApplicationTests, testInstance = com.example.task12.Task12ApplicationTests@20416933, testMethod = [null], testException = [null], mergedContextConfiguration = [MergedContextConfiguration@38a6a7ca testClass = Task12ApplicationTests, locations = '{}', classes = '{class com.example.task12.Task12Application}', contextInitializerClasses = '[]', activeProfiles = '{}', propertySourceLocations = '{}', propertySourceProperties = '{org.springframework.boot.test.context.SpringBootTestContextBootstrapper=true}', contextCustomizers = set[org.springframework.boot.test.autoconfigure.actuate.metrics.MetricsExportContextCustomizerFactory$DisableMetricExportContextCustomizer@cfb3456, org.springframework.boot.test.autoconfigure.properties.PropertyMappingContextCustomizer@0, org.springframework.boot.test.autoconfigure.web.servlet.WebDriverContextCustomizerFactory$Customizer@3d154f7f, org.springframework.boot.test.context.filter.ExcludeFilterContextCustomizer@3a4d9d86, org.springframework.boot.test.json.DuplicateJsonObjectContextCustomizerFactory$DuplicateJsonObjectContextCustomizer@4cf4ae23, org.springframework.boot.test.mock.mockito.MockitoContextCustomizer@0, org.springframework.boot.test.web.client.TestRestTemplateContextCustomizer@78aba6f6, org.springframework.boot.test.context.SpringBootTestArgs@1, org.springframework.boot.test.context.SpringBootTestWebEnvironment@4d787f30], contextLoader = 'org.springframework.boot.test.context.SpringBootContextLoader', parent = [null]], attributes = map['org.springframework.test.context.event.ApplicationEventsTestExecutionListener.recordApplicationEvents' -> false]]].
22:45:38.157 [Test worker] DEBUG org.springframework.test.context.support.TestPropertySourceUtils - Adding inlined properties to environment: {spring.jmx.enabled=false, org.springframework.boot.test.context.SpringBootTestContextBootstrapper=true}

  .   ____          _            __ _ _
 /\\ / ___'_ __ _ _(_)_ __  __ _ \ \ \ \
( ( )\___ | '_ | '_| | '_ \/ _` | \ \ \ \
 \\/  ___)| |_)| | | | | || (_| |  ) ) ) )
  '  |____| .__|_| |_|_| |_\__, | / / / /
 =========|_|==============|___/=/_/_/_/
 :: Spring Boot ::                (v2.4.2)

2021-04-04 22:45:38.390  INFO 10556 --- [    Test worker] c.example.task12.Task12ApplicationTests  : Starting Task12ApplicationTests using Java 15.0.1 on Skyrimwell-PC with PID 10556 (started by skyri in C:\Users\skyri\IdeaProjects\SPIZJENO\PR12)
2021-04-04 22:45:38.392  INFO 10556 --- [    Test worker] c.example.task12.Task12ApplicationTests  : No active profile set, falling back to default profiles: default
Метод создания
Чтение
Запись
2021-04-04 22:45:38.847  INFO 10556 --- [    Test worker] c.example.task12.Task12ApplicationTests  : Started Task12ApplicationTests in 0.686 seconds (JVM running for 1.701)
]]></system-out>
  <system-err><![CDATA[]]></system-err>
</testsuite>
